<?xml version="1.0" encoding="UTF-8" ?>
<testsuite errors="0" failures="1" hostname="RGGH3" name="org.netbeans.modules.compapp.catd.ConfiguredTest" skipped="0" tests="1" time="0.487" timestamp="2018-11-20T20:25:08">
  <properties>
[...]
</properties>
  <testcase classname="org.netbeans.modules.compapp.catd.ConfiguredTest" name="TestCase1" time="0.477">
    <failure message="[20/11/2018 02:25:08 PM] The response is not identical to the expected output." type="junit.framework.AssertionFailedError">junit.framework.AssertionFailedError: [20/11/2018 02:25:08 PM] The response is not identical to the expected output.
	at org.netbeans.modules.compapp.catd.ConfiguredTest.checkExpectedOutput(ConfiguredTest.java:2354)
	at org.netbeans.modules.compapp.catd.ConfiguredTest.checkExpectedOutput(ConfiguredTest.java:2224)
	at org.netbeans.modules.compapp.catd.ConfiguredTest.testConcurrentSOAPRequest(ConfiguredTest.java:867)
</failure>
  </testcase>
  <system-out><![CDATA[GenerateATSOutput=${generate.ats.output}
NetBeansUserDir=C:\Users\rgamboah\AppData\Roaming\.openesb_studio\3.1.2
ServerPassword=admin
awt.toolkit=sun.awt.windows.WToolkit
file.encoding=Cp1252
file.encoding.pkg=sun.io
file.separator=\
inDebug=${inDebug}
java.awt.graphicsenv=sun.awt.Win32GraphicsEnvironment
java.awt.headless=${java.awt.headless}
java.awt.printerjob=sun.awt.windows.WPrinterJob
java.class.path=C:\OpenESB-SE-3.1.2.3-a\OE-Studio\soa\modules\org-netbeans-modules-compapp-manager-jbi.jar;C:\OpenESB-SE-3.1.2.3-a\OE-Studio\soa\modules\org-netbeans-modules-compapp-projects-jbi.jar;C:\OpenESB-SE-3.1.2.3-a\OE-Studio\soa\modules\ext\jbi-admin-common.jar;C:\OpenESB-SE-3.1.2.3-a\OE-Studio\soa\modules\ext\catd.jar;C:\OpenESB-SE-3.1.2.3-a\OE-Studio\java\modules\ext\jaxws22\api\saaj-api.jar;C:\OpenESB-SE-3.1.2.3-a\OE-Studio\java\modules\ext\jaxws22\saaj-impl.jar;C:\OpenESB-SE-3.1.2.3-a\OE-Studio\java\modules\ext\jaxws22\FastInfoset.jar;C:\OpenESB-SE-3.1.2.3-a\OE-Studio\ide\modules\org-netbeans-modules-editor-lib.jar;C:\OpenESB-SE-3.1.2.3-a\OE-Studio\ide\modules\org-netbeans-modules-editor.jar;C:\OpenESB-SE-3.1.2.3-a\OE-Studio\ide\modules\org-netbeans-modules-editor-deprecated-pre65formatting.jar;C:\OpenESB-SE-3.1.2.3-a\OE-Studio\ide\modules\org-netbeans-modules-editor-util.jar;C:\OpenESB-SE-3.1.2.3-a\OE-Studio\ide\modules\org-netbeans-modules-editor-lib2.jar;C:\OpenESB-SE-3.1.2.3-a\OE-Studio\ide\modules\org-netbeans-modules-editor-indent.jar;C:\OpenESB-SE-3.1.2.3-a\OE-Studio\ide\modules\org-netbeans-modules-editor-plain.jar;C:\OpenESB-SE-3.1.2.3-a\OE-Studio\ide\modules\org-netbeans-modules-editor-plain-lib.jar;C:\OpenESB-SE-3.1.2.3-a\OE-Studio\ide\modules\org-netbeans-modules-editor-document.jar;C:\OpenESB-SE-3.1.2.3-a\OE-Studio\ide\modules\org-netbeans-modules-editor-settings.jar;C:\OpenESB-SE-3.1.2.3-a\OE-Studio\ide\modules\org-netbeans-modules-editor-settings-lib.jar;C:\OpenESB-SE-3.1.2.3-a\OE-Studio\ide\modules\org-netbeans-modules-editor-settings-storage.jar;C:\OpenESB-SE-3.1.2.3-a\OE-Studio\ide\modules\org-netbeans-modules-lexer.jar;C:\OpenESB-SE-3.1.2.3-a\OE-Studio\ide\modules\org-netbeans-modules-xml-core.jar;C:\OpenESB-SE-3.1.2.3-a\OE-Studio\ide\modules\org-netbeans-modules-xml-lexer.jar;C:\OpenESB-SE-3.1.2.3-a\OE-Studio\ide\modules\org-netbeans-modules-xml-text.jar;C:\OpenESB-SE-3.1.2.3-a\OE-Studio\ide\modules\org-netbeans-modules-xml-xdm.jar;C:\OpenESB-SE-3.1.2.3-a\OE-Studio\ide\modules\org-netbeans-modules-xml-xam.jar;C:\OpenESB-SE-3.1.2.3-a\OE-Studio\ide\modules\org-netbeans-modules-csl-api.jar;C:\OpenESB-SE-3.1.2.3-a\OE-Studio\ide\modules\ext\jaxb\activation.jar;C:\OpenESB-SE-3.1.2.3-a\OE-Studio\platform\lib\org-openide-modules.jar;C:\OpenESB-SE-3.1.2.3-a\OE-Studio\platform\lib\org-openide-util.jar;C:\OpenESB-SE-3.1.2.3-a\OE-Studio\platform\lib\org-openide-util-ui.jar;C:\OpenESB-SE-3.1.2.3-a\OE-Studio\platform\lib\org-openide-util-lookup.jar;C:\OpenESB-SE-3.1.2.3-a\OE-Studio\platform\modules\org-openide-awt.jar;C:\OpenESB-SE-3.1.2.3-a\OE-Studio\platform\modules\org-openide-options.jar;C:\OpenESB-SE-3.1.2.3-a\OE-Studio\platform\modules\org-openide-text.jar;C:\OpenESB-SE-3.1.2.3-a\OE-Studio\platform\modules\org-openide-loaders.jar;C:\OpenESB-SE-3.1.2.3-a\OE-Studio\platform\modules\org-openide-nodes.jar;C:\OpenESB-SE-3.1.2.3-a\OE-Studio\platform\modules\org-netbeans-modules-editor-mimelookup.jar;C:\OpenESB-SE-3.1.2.3-a\OE-Studio\platform\modules\org-netbeans-modules-editor-mimelookup-impl.jar;C:\OpenESB-SE-3.1.2.3-a\OE-Studio\platform\core\org-openide-filesystems.jar;C:\OpenESB-SE-3.1.2.3-a\OE-Studio\platform\modules\org-netbeans-modules-keyring.jar;C:\OpenESB-SE-3.1.2.3-a\OE-Studio\platform\modules\org-openide-dialogs.jar;C:\OpenESB-SE-3.1.2.3-a\OE-Studio\platform\modules\ext\junit-4.12.jar;C:\OpenESB-SE-3.1.2.3-a\OE-Studio\extide\ant\lib\ant-launcher.jar;C:\OpenESB-SE-3.1.2.3-a\OE-Studio\extide\ant\lib\ant.jar;C:\OpenESB-SE-3.1.2.3-a\OE-Studio\extide\ant\lib\ant-junit.jar;C:\OpenESB-SE-3.1.2.3-a\OE-Studio\extide\ant\lib\ant-junit4.jar
java.class.version=52.0
java.endorsed.dirs=C:\Program Files\Java\jdk1.8.0_112\jre\lib\endorsed
java.ext.dirs=C:\Program Files\Java\jdk1.8.0_112\jre\lib\ext;C:\WINDOWS\Sun\Java\lib\ext
java.home=C:\Program Files\Java\jdk1.8.0_112\jre
java.io.tmpdir=C:\Users\rgamboah\AppData\Local\Temp\
java.library.path=C:\Program Files\Java\jdk1.8.0_112\jre\bin;C:\WINDOWS\Sun\Java\bin;C:\WINDOWS\system32;C:\WINDOWS;C:\Program Files\Java\jdk1.8.0_112\bin;C:\ProgramData\Oracle\Java\javapath;C:\Program Files\NVIDIA GPU Computing Toolkit\CUDA\v9.1\bin;C:\Program Files\NVIDIA GPU Computing Toolkit\CUDA\v9.1\libnvvp;C:\Program Files\NVIDIA GPU Computing Toolkit\CUDA\v8.0\bin;C:\Program Files\NVIDIA GPU Computing Toolkit\CUDA\v8.0\libnvvp;C:\Program Files (x86)\Common Files\Oracle\Java\javapath;C:\Program Files\Python35\Scripts\;C:\Program Files\Python35\;C:\Windows\system32;C:\Windows;C:\Windows\System32\Wbem;C:\Windows\System32\WindowsPowerShell\v1.0\;C:\Program Files\MATLAB\R2016a\bin;C:\Users\rgamboah\.dnx\bin;C:\Program Files\Microsoft DNX\Dnvm\;C:\Program Files\Microsoft SQL Server\130\Tools\Binn\;C:\Program Files\Microsoft SQL Server\120\Tools\Binn\;C:\Program Files (x86)\nodejs\;C:\Program Files (x86)\Windows Kits\10\Windows Performance Toolkit\;C:\Program Files\Git\cmd;C:\HashiCorp\Vagrant\bin;C:\Program Files (x86)\NVIDIA Corporation\PhysX\Common;D:\Programas\;C:\WINDOWS\system32;C:\WINDOWS;C:\WINDOWS\System32\Wbem;C:\WINDOWS\System32\WindowsPowerShell\v1.0\;C:\Program Files (x86)\GnuWin32\bin;C:\Program Files (x86)\Windows Grep;C:\msys64\usr\bin;C:\Program Files\mingw-w64\x86_64-7.2.0-posix-seh-rt_v5-rev1\mingw64\bin;C:\Program Files\SASHome\Secure\ccme4;C:\Program Files\SASHome\x86\Secure\ccme4;C:\WINDOWS\system32;C:\WINDOWS;C:\WINDOWS\System32\Wbem;C:\WINDOWS\System32\WindowsPowerShell\v1.0\;C:\WINDOWS\System32\OpenSSH\;;C:\ProgramData\Miniconda3;C:\ProgramData\Miniconda3\Scripts;C:\ProgramData\Miniconda3\Library\bin;M:\bin;C:\Tcl\bin;C:\Users\rgamboah\AppData\Local\Microsoft\WindowsApps;C:\Program Files\Java\jdk1.8.0_112\bin;C:\ProgramData\Oracle\Java\javapath;C:\Program Files\NVIDIA GPU Computing Toolkit\CUDA\v9.1\bin;C:\Program Files\NVIDIA GPU Computing Toolkit\CUDA\v9.1\libnvvp;C:\Program Files\NVIDIA GPU Computing Toolkit\CUDA\v8.0\bin;C:\Program Files\NVIDIA GPU Computing Toolkit\CUDA\v8.0\libnvvp;C:\Program Files (x86)\Common Files\Oracle\Java\javapath;C:\Program Files\Python35\Scripts\;C:\Program Files\Python35\;C:\Windows\system32;C:\Windows;C:\Windows\System32\Wbem;C:\Windows\System32\WindowsPowerShell\v1.0\;C:\Program Files\MATLAB\R2016a\bin;C:\Users\rgamboah\.dnx\bin;C:\Program Files\Microsoft DNX\Dnvm\;C:\Program Files\Microsoft SQL Server\130\Tools\Binn\;C:\Program Files\Microsoft SQL Server\120\Tools\Binn\;C:\Program Files (x86)\nodejs\;C:\Program Files (x86)\Windows Kits\10\Windows Performance Toolkit\;C:\Program Files\Git\cmd;C:\HashiCorp\Vagrant\bin;C:\Program Files (x86)\NVIDIA Corporation\PhysX\Common;D:\Programas\;C:\WINDOWS\system32;C:\WINDOWS;C:\WINDOWS\System32\Wbem;C:\WINDOWS\System32\WindowsPowerShell\v1.0\;C:\Program Files (x86)\GnuWin32\bin;C:\Program Files (x86)\Windows Grep;C:\msys64\usr\bin;C:\Program Files\mingw-w64\x86_64-7.2.0-posix-seh-rt_v5-rev1\mingw64\bin;C:\Program Files\SASHome\Secure\ccme4;C:\Program Files\SASHome\x86\Secure\ccme4;C:\WINDOWS\system32;C:\WINDOWS;C:\WINDOWS\System32\Wbem;C:\WINDOWS\System32\WindowsPowerShell\v1.0\;C:\WINDOWS\System32\OpenSSH\;;C:\ProgramData\Miniconda3;C:\ProgramData\Miniconda3\Scripts;C:\ProgramData\Miniconda3\Library\bin;C:\Users\rgamboah\AppData\Roaming\npm;;.
java.runtime.name=Java(TM) SE Runtime Environment
java.runtime.version=1.8.0_112-b15
java.specification.name=Java Platform API Specification
java.specification.vendor=Oracle Corporation
java.specification.version=1.8
java.vendor=Oracle Corporation
java.vendor.url=http://java.oracle.com/
java.vendor.url.bug=http://bugreport.sun.com/bugreport/
java.version=1.8.0_112
java.vm.info=mixed mode
java.vm.name=Java HotSpot(TM) 64-Bit Server VM
java.vm.specification.name=Java Virtual Machine Specification
java.vm.specification.vendor=Oracle Corporation
java.vm.specification.version=1.8
java.vm.vendor=Oracle Corporation
java.vm.version=25.112-b15
line.separator=

org.netbeans.modules.compapp.catd.context=
os.arch=amd64
os.name=Windows 10
os.version=10.0
path.separator=;
sun.arch.data.model=64
sun.boot.class.path=C:\Program Files\Java\jdk1.8.0_112\jre\lib\resources.jar;C:\Program Files\Java\jdk1.8.0_112\jre\lib\rt.jar;C:\Program Files\Java\jdk1.8.0_112\jre\lib\sunrsasign.jar;C:\Program Files\Java\jdk1.8.0_112\jre\lib\jsse.jar;C:\Program Files\Java\jdk1.8.0_112\jre\lib\jce.jar;C:\Program Files\Java\jdk1.8.0_112\jre\lib\charsets.jar;C:\Program Files\Java\jdk1.8.0_112\jre\lib\jfr.jar;C:\Program Files\Java\jdk1.8.0_112\jre\classes
sun.boot.library.path=C:\Program Files\Java\jdk1.8.0_112\jre\bin
sun.cpu.endian=little
sun.cpu.isalist=amd64
sun.desktop=windows
sun.io.unicode.encoding=UnicodeLittle
sun.java.command=org.apache.tools.ant.taskdefs.optional.junit.JUnitTestRunner org.netbeans.modules.compapp.catd.ConfiguredTest skipNonTests=false filtertrace=true haltOnError=false haltOnFailure=false showoutput=true outputtoformatters=true logfailedtests=true threadid=0 logtestlistenerevents=true formatter=org.apache.tools.ant.taskdefs.optional.junit.BriefJUnitResultFormatter formatter=org.apache.tools.ant.taskdefs.optional.junit.XMLJUnitResultFormatter,D:\user\Materias\SCE\SCE_201803\proyectosESB_312\Tienda_00\AplicacionTuLibroOnLine00\test\results\TEST-org.netbeans.modules.compapp.catd.ConfiguredTest.xml crashfile=C:\Users\rgamboah\AppData\Local\Temp\junitvmwatcher4147719955218862162.properties propsfile=C:\Users\rgamboah\AppData\Local\Temp\junit3827777187597990480.properties
sun.java.launcher=SUN_STANDARD
sun.jnu.encoding=Cp1252
sun.management.compiler=HotSpot 64-Bit Tiered Compilers
sun.os.patch.level=
user.country=MX
user.dir=D:\user\Materias\SCE\SCE_201803\proyectosESB_312\Tienda_00\AplicacionTuLibroOnLine00
user.home=C:\Users\rgamboah
user.language=es
user.name=RGAMBOAH
user.script=
user.timezone=America/Mexico_City
user.variant=
Test TestCase1\Concurrent.properties Failed. (Destination: http://localhost:${HttpDefaultPort}/VentaLibrosWSDLService/VentaLibrosWSDLPort)
]]></system-out>
  <system-err><![CDATA[]]></system-err>
</testsuite>
