<?xml version="1.0" encoding="UTF-8" ?>
<testsuite errors="0" failures="1" hostname="ubuntuinspiron5537" name="org.netbeans.modules.compapp.catd.ConfiguredTest" skipped="0" tests="1" time="1.297" timestamp="2018-11-19T22:38:16">
  <properties>
[...]
</properties>
  <testcase classname="org.netbeans.modules.compapp.catd.ConfiguredTest" name="TestCase1" time="1.266">
    <failure message="[19/11/2018 04:38:17 PM] The response is not identical to the expected output." type="junit.framework.AssertionFailedError">junit.framework.AssertionFailedError: [19/11/2018 04:38:17 PM] The response is not identical to the expected output.
	at org.netbeans.modules.compapp.catd.ConfiguredTest.checkExpectedOutput(ConfiguredTest.java:2354)
	at org.netbeans.modules.compapp.catd.ConfiguredTest.checkExpectedOutput(ConfiguredTest.java:2224)
	at org.netbeans.modules.compapp.catd.ConfiguredTest.testConcurrentSOAPRequest(ConfiguredTest.java:867)
</failure>
  </testcase>
  <system-out><![CDATA[GenerateATSOutput=${generate.ats.output}
NetBeansUserDir=/home/rafael/.openesb_studio/3.1.2
ServerPassword=admin
awt.toolkit=sun.awt.X11.XToolkit
file.encoding=UTF-8
file.encoding.pkg=sun.io
file.separator=/
inDebug=${inDebug}
java.awt.graphicsenv=sun.awt.X11GraphicsEnvironment
java.awt.headless=${java.awt.headless}
java.awt.printerjob=sun.print.PSPrinterJob
java.class.path=/home/rafael/OpenESB-SE-3.1.2.3-a/OE-Studio/soa/modules/org-netbeans-modules-compapp-manager-jbi.jar:/home/rafael/OpenESB-SE-3.1.2.3-a/OE-Studio/soa/modules/org-netbeans-modules-compapp-projects-jbi.jar:/home/rafael/OpenESB-SE-3.1.2.3-a/OE-Studio/soa/modules/ext/jbi-admin-common.jar:/home/rafael/OpenESB-SE-3.1.2.3-a/OE-Studio/soa/modules/ext/catd.jar:/home/rafael/OpenESB-SE-3.1.2.3-a/OE-Studio/java/modules/ext/jaxws22/api/saaj-api.jar:/home/rafael/OpenESB-SE-3.1.2.3-a/OE-Studio/java/modules/ext/jaxws22/saaj-impl.jar:/home/rafael/OpenESB-SE-3.1.2.3-a/OE-Studio/java/modules/ext/jaxws22/FastInfoset.jar:/home/rafael/OpenESB-SE-3.1.2.3-a/OE-Studio/ide/modules/org-netbeans-modules-editor-lib.jar:/home/rafael/OpenESB-SE-3.1.2.3-a/OE-Studio/ide/modules/org-netbeans-modules-editor.jar:/home/rafael/OpenESB-SE-3.1.2.3-a/OE-Studio/ide/modules/org-netbeans-modules-editor-deprecated-pre65formatting.jar:/home/rafael/OpenESB-SE-3.1.2.3-a/OE-Studio/ide/modules/org-netbeans-modules-editor-util.jar:/home/rafael/OpenESB-SE-3.1.2.3-a/OE-Studio/ide/modules/org-netbeans-modules-editor-lib2.jar:/home/rafael/OpenESB-SE-3.1.2.3-a/OE-Studio/ide/modules/org-netbeans-modules-editor-indent.jar:/home/rafael/OpenESB-SE-3.1.2.3-a/OE-Studio/ide/modules/org-netbeans-modules-editor-plain.jar:/home/rafael/OpenESB-SE-3.1.2.3-a/OE-Studio/ide/modules/org-netbeans-modules-editor-plain-lib.jar:/home/rafael/OpenESB-SE-3.1.2.3-a/OE-Studio/ide/modules/org-netbeans-modules-editor-document.jar:/home/rafael/OpenESB-SE-3.1.2.3-a/OE-Studio/ide/modules/org-netbeans-modules-editor-settings.jar:/home/rafael/OpenESB-SE-3.1.2.3-a/OE-Studio/ide/modules/org-netbeans-modules-editor-settings-lib.jar:/home/rafael/OpenESB-SE-3.1.2.3-a/OE-Studio/ide/modules/org-netbeans-modules-editor-settings-storage.jar:/home/rafael/OpenESB-SE-3.1.2.3-a/OE-Studio/ide/modules/org-netbeans-modules-lexer.jar:/home/rafael/OpenESB-SE-3.1.2.3-a/OE-Studio/ide/modules/org-netbeans-modules-xml-core.jar:/home/rafael/OpenESB-SE-3.1.2.3-a/OE-Studio/ide/modules/org-netbeans-modules-xml-lexer.jar:/home/rafael/OpenESB-SE-3.1.2.3-a/OE-Studio/ide/modules/org-netbeans-modules-xml-text.jar:/home/rafael/OpenESB-SE-3.1.2.3-a/OE-Studio/ide/modules/org-netbeans-modules-xml-xdm.jar:/home/rafael/OpenESB-SE-3.1.2.3-a/OE-Studio/ide/modules/org-netbeans-modules-xml-xam.jar:/home/rafael/OpenESB-SE-3.1.2.3-a/OE-Studio/ide/modules/org-netbeans-modules-csl-api.jar:/home/rafael/OpenESB-SE-3.1.2.3-a/OE-Studio/ide/modules/ext/jaxb/activation.jar:/home/rafael/OpenESB-SE-3.1.2.3-a/OE-Studio/platform/lib/org-openide-modules.jar:/home/rafael/OpenESB-SE-3.1.2.3-a/OE-Studio/platform/lib/org-openide-util.jar:/home/rafael/OpenESB-SE-3.1.2.3-a/OE-Studio/platform/lib/org-openide-util-ui.jar:/home/rafael/OpenESB-SE-3.1.2.3-a/OE-Studio/platform/lib/org-openide-util-lookup.jar:/home/rafael/OpenESB-SE-3.1.2.3-a/OE-Studio/platform/modules/org-openide-awt.jar:/home/rafael/OpenESB-SE-3.1.2.3-a/OE-Studio/platform/modules/org-openide-options.jar:/home/rafael/OpenESB-SE-3.1.2.3-a/OE-Studio/platform/modules/org-openide-text.jar:/home/rafael/OpenESB-SE-3.1.2.3-a/OE-Studio/platform/modules/org-openide-loaders.jar:/home/rafael/OpenESB-SE-3.1.2.3-a/OE-Studio/platform/modules/org-openide-nodes.jar:/home/rafael/OpenESB-SE-3.1.2.3-a/OE-Studio/platform/modules/org-netbeans-modules-editor-mimelookup.jar:/home/rafael/OpenESB-SE-3.1.2.3-a/OE-Studio/platform/modules/org-netbeans-modules-editor-mimelookup-impl.jar:/home/rafael/OpenESB-SE-3.1.2.3-a/OE-Studio/platform/core/org-openide-filesystems.jar:/home/rafael/OpenESB-SE-3.1.2.3-a/OE-Studio/platform/modules/org-netbeans-modules-keyring.jar:/home/rafael/OpenESB-SE-3.1.2.3-a/OE-Studio/platform/modules/org-openide-dialogs.jar:/home/rafael/OpenESB-SE-3.1.2.3-a/OE-Studio/platform/modules/ext/junit-4.12.jar:/home/rafael/OpenESB-SE-3.1.2.3-a/OE-Studio/extide/ant/lib/ant-launcher.jar:/home/rafael/OpenESB-SE-3.1.2.3-a/OE-Studio/extide/ant/lib/ant.jar:/home/rafael/OpenESB-SE-3.1.2.3-a/OE-Studio/extide/ant/lib/ant-junit.jar:/home/rafael/OpenESB-SE-3.1.2.3-a/OE-Studio/extide/ant/lib/ant-junit4.jar
java.class.version=52.0
java.endorsed.dirs=/usr/lib/jvm/java-8-oracle/jre/lib/endorsed
java.ext.dirs=/usr/lib/jvm/java-8-oracle/jre/lib/ext:/usr/java/packages/lib/ext
java.home=/usr/lib/jvm/java-8-oracle/jre
java.io.tmpdir=/tmp
java.library.path=/usr/lib/jvm/java-8-oracle/bin/../jre/lib/amd64:/usr/lib/jvm/java-8-oracle/bin/../jre/lib/i386::/usr/java/packages/lib/amd64:/usr/lib64:/lib64:/lib:/usr/lib
java.runtime.name=Java(TM) SE Runtime Environment
java.runtime.version=1.8.0_191-b12
java.specification.name=Java Platform API Specification
java.specification.vendor=Oracle Corporation
java.specification.version=1.8
java.vendor=Oracle Corporation
java.vendor.url=http://java.oracle.com/
java.vendor.url.bug=http://bugreport.sun.com/bugreport/
java.version=1.8.0_191
java.vm.info=mixed mode
java.vm.name=Java HotSpot(TM) 64-Bit Server VM
java.vm.specification.name=Java Virtual Machine Specification
java.vm.specification.vendor=Oracle Corporation
java.vm.specification.version=1.8
java.vm.vendor=Oracle Corporation
java.vm.version=25.191-b12
line.separator=

org.netbeans.modules.compapp.catd.context=
os.arch=amd64
os.name=Linux
os.version=4.15.0-39-generic
path.separator=:
sun.arch.data.model=64
sun.boot.class.path=/usr/lib/jvm/java-8-oracle/jre/lib/resources.jar:/usr/lib/jvm/java-8-oracle/jre/lib/rt.jar:/usr/lib/jvm/java-8-oracle/jre/lib/sunrsasign.jar:/usr/lib/jvm/java-8-oracle/jre/lib/jsse.jar:/usr/lib/jvm/java-8-oracle/jre/lib/jce.jar:/usr/lib/jvm/java-8-oracle/jre/lib/charsets.jar:/usr/lib/jvm/java-8-oracle/jre/lib/jfr.jar:/usr/lib/jvm/java-8-oracle/jre/classes
sun.boot.library.path=/usr/lib/jvm/java-8-oracle/jre/lib/amd64
sun.cpu.endian=little
sun.cpu.isalist=
sun.desktop=gnome
sun.io.unicode.encoding=UnicodeLittle
sun.java.command=org.apache.tools.ant.taskdefs.optional.junit.JUnitTestRunner org.netbeans.modules.compapp.catd.ConfiguredTest skipNonTests=false filtertrace=true haltOnError=false haltOnFailure=false showoutput=true outputtoformatters=true logfailedtests=true threadid=0 logtestlistenerevents=true formatter=org.apache.tools.ant.taskdefs.optional.junit.BriefJUnitResultFormatter formatter=org.apache.tools.ant.taskdefs.optional.junit.XMLJUnitResultFormatter,/home/rafael/NetBeansProjects/MyCalculatorCA/test/results/TEST-org.netbeans.modules.compapp.catd.ConfiguredTest.xml crashfile=/tmp/junitvmwatcher2034831812599780393.properties propsfile=/tmp/junit102530285149816324.properties
sun.java.launcher=SUN_STANDARD
sun.jnu.encoding=UTF-8
sun.management.compiler=HotSpot 64-Bit Tiered Compilers
sun.os.patch.level=unknown
user.country=MX
user.dir=/home/rafael/NetBeansProjects/MyCalculatorCA
user.home=/home/rafael
user.language=es
user.name=rafael
user.timezone=America/Mexico_City
Test TestCase1\Concurrent.properties
  * Difference (Delete): #text
  * Difference (Add): #text
 Failed. (Destination: http://localhost:${HttpDefaultPort}/MyCalculatorCAService1/casaPort1)
]]></system-out>
  <system-err><![CDATA[]]></system-err>
</testsuite>
