# JRE version: Java(TM) SE Runtime Environment (8.0_112-b15) (build 1.8.0_112-b15)
# Java VM: Java HotSpot(TM) 64-Bit Server VM (25.112-b15 mixed mode windows-amd64 compressed oops)
Heap:
 PSYoungGen      total 114688K, used 9831K [0x0000000740600000, 0x0000000748600000, 0x00000007c0000000)
  eden space 98304K, 10% used [0x0000000740600000,0x0000000740f99ec0,0x0000000746600000)
  from space 16384K, 0% used [0x0000000746600000,0x0000000746600000,0x0000000747600000)
  to   space 16384K, 0% used [0x0000000747600000,0x0000000747600000,0x0000000748600000)
 ParOldGen       total 262144K, used 897K [0x0000000641200000, 0x0000000651200000, 0x0000000740600000)
  object space 262144K, 0% used [0x0000000641200000,0x00000006412e0740,0x0000000651200000)
 Metaspace       used 6087K, capacity 6204K, committed 6400K, reserved 1056768K
  class space    used 695K, capacity 763K, committed 768K, reserved 1048576K
GC Heap History (4 events):
Event: 5.495 GC heap before
{Heap before GC invocations=1 (full 0):
 PSYoungGen      total 114688K, used 9831K [0x0000000740600000, 0x0000000748600000, 0x00000007c0000000)
  eden space 98304K, 10% used [0x0000000740600000,0x0000000740f99c08,0x0000000746600000)
  from space 16384K, 0% used [0x0000000747600000,0x0000000747600000,0x0000000748600000)
  to   space 16384K, 0% used [0x0000000746600000,0x0000000746600000,0x0000000747600000)
 ParOldGen       total 262144K, used 0K [0x0000000641200000, 0x0000000651200000, 0x0000000740600000)
  object space 262144K, 0% used [0x0000000641200000,0x0000000641200000,0x0000000651200000)
 Metaspace       used 5964K, capacity 6136K, committed 6144K, reserved 1056768K
  class space    used 694K, capacity 763K, committed 768K, reserved 1048576K
Event: 5.504 GC heap after
Heap after GC invocations=1 (full 0):
 PSYoungGen      total 114688K, used 1040K [0x0000000740600000, 0x0000000748600000, 0x00000007c0000000)
  eden space 98304K, 0% used [0x0000000740600000,0x0000000740600000,0x0000000746600000)
  from space 16384K, 6% used [0x0000000746600000,0x0000000746704010,0x0000000747600000)
  to   space 16384K, 0% used [0x0000000747600000,0x0000000747600000,0x0000000748600000)
 ParOldGen       total 262144K, used 8K [0x0000000641200000, 0x0000000651200000, 0x0000000740600000)
  object space 262144K, 0% used [0x0000000641200000,0x0000000641202000,0x0000000651200000)
 Metaspace       used 5964K, capacity 6136K, committed 6144K, reserved 1056768K
  class space    used 694K, capacity 763K, committed 768K, reserved 1048576K
}
Event: 5.504 GC heap before
{Heap before GC invocations=2 (full 1):
 PSYoungGen      total 114688K, used 1040K [0x0000000740600000, 0x0000000748600000, 0x00000007c0000000)
  eden space 98304K, 0% used [0x0000000740600000,0x0000000740600000,0x0000000746600000)
  from space 16384K, 6% used [0x0000000746600000,0x0000000746704010,0x0000000747600000)
  to   space 16384K, 0% used [0x0000000747600000,0x0000000747600000,0x0000000748600000)
 ParOldGen       total 262144K, used 8K [0x0000000641200000, 0x0000000651200000, 0x0000000740600000)
  object space 262144K, 0% used [0x0000000641200000,0x0000000641202000,0x0000000651200000)
 Metaspace       used 5964K, capacity 6136K, committed 6144K, reserved 1056768K
  class space    used 694K, capacity 763K, committed 768K, reserved 1048576K
Event: 5.528 GC heap after
Heap after GC invocations=2 (full 1):
 PSYoungGen      total 114688K, used 0K [0x0000000740600000, 0x0000000748600000, 0x00000007c0000000)
  eden space 98304K, 0% used [0x0000000740600000,0x0000000740600000,0x0000000746600000)
  from space 16384K, 0% used [0x0000000746600000,0x0000000746600000,0x0000000747600000)
  to   space 16384K, 0% used [0x0000000747600000,0x0000000747600000,0x0000000748600000)
 ParOldGen       total 262144K, used 897K [0x0000000641200000, 0x0000000651200000, 0x0000000740600000)
  object space 262144K, 0% used [0x0000000641200000,0x00000006412e0740,0x0000000651200000)
 Metaspace       used 5964K, capacity 6136K, committed 6144K, reserved 1056768K
  class space    used 694K, capacity 763K, committed 768K, reserved 1048576K
}

