# JRE version: Java(TM) SE Runtime Environment (8.0_112-b15) (build 1.8.0_112-b15)
# Java VM: Java HotSpot(TM) 64-Bit Server VM (25.112-b15 mixed mode windows-amd64 compressed oops)
Heap:
 PSYoungGen      total 5632K, used 4866K [0x0000000740600000, 0x0000000740f00000, 0x00000007c0000000)
  eden space 5120K, 90% used [0x0000000740600000,0x0000000740a80b18,0x0000000740b00000)
  from space 512K, 50% used [0x0000000740c80000,0x0000000740cc0000,0x0000000740d00000)
  to   space 1536K, 0% used [0x0000000740b00000,0x0000000740b00000,0x0000000740c80000)
 ParOldGen       total 5632K, used 1355K [0x0000000641200000, 0x0000000641780000, 0x0000000740600000)
  object space 5632K, 24% used [0x0000000641200000,0x0000000641352d28,0x0000000641780000)
 Metaspace       used 6706K, capacity 6840K, committed 7040K, reserved 1056768K
  class space    used 749K, capacity 800K, committed 896K, reserved 1048576K
GC Heap History (10 events):
Event: 30.948 GC heap before
{Heap before GC invocations=3 (full 0):
 PSYoungGen      total 2048K, used 1463K [0x0000000740600000, 0x0000000740a00000, 0x00000007c0000000)
  eden space 1536K, 64% used [0x0000000740600000,0x00000007406f5cf8,0x0000000740780000)
  from space 512K, 93% used [0x0000000740800000,0x0000000740878020,0x0000000740880000)
  to   space 512K, 0% used [0x0000000740780000,0x0000000740780000,0x0000000740800000)
 ParOldGen       total 5632K, used 396K [0x0000000641200000, 0x0000000641780000, 0x0000000740600000)
  object space 5632K, 7% used [0x0000000641200000,0x0000000641263020,0x0000000641780000)
 Metaspace       used 6075K, capacity 6194K, committed 6400K, reserved 1056768K
  class space    used 711K, capacity 763K, committed 768K, reserved 1048576K
Event: 30.949 GC heap after
Heap after GC invocations=3 (full 0):
 PSYoungGen      total 2048K, used 512K [0x0000000740600000, 0x0000000740a00000, 0x00000007c0000000)
  eden space 1536K, 0% used [0x0000000740600000,0x0000000740600000,0x0000000740780000)
  from space 512K, 100% used [0x0000000740780000,0x0000000740800000,0x0000000740800000)
  to   space 512K, 0% used [0x0000000740980000,0x0000000740980000,0x0000000740a00000)
 ParOldGen       total 5632K, used 548K [0x0000000641200000, 0x0000000641780000, 0x0000000740600000)
  object space 5632K, 9% used [0x0000000641200000,0x0000000641289030,0x0000000641780000)
 Metaspace       used 6075K, capacity 6194K, committed 6400K, reserved 1056768K
  class space    used 711K, capacity 763K, committed 768K, reserved 1048576K
}
Event: 30.949 GC heap before
{Heap before GC invocations=4 (full 1):
 PSYoungGen      total 2048K, used 512K [0x0000000740600000, 0x0000000740a00000, 0x00000007c0000000)
  eden space 1536K, 0% used [0x0000000740600000,0x0000000740600000,0x0000000740780000)
  from space 512K, 100% used [0x0000000740780000,0x0000000740800000,0x0000000740800000)
  to   space 512K, 0% used [0x0000000740980000,0x0000000740980000,0x0000000740a00000)
 ParOldGen       total 5632K, used 548K [0x0000000641200000, 0x0000000641780000, 0x0000000740600000)
  object space 5632K, 9% used [0x0000000641200000,0x0000000641289030,0x0000000641780000)
 Metaspace       used 6075K, capacity 6194K, committed 6400K, reserved 1056768K
  class space    used 711K, capacity 763K, committed 768K, reserved 1048576K
Event: 30.957 GC heap after
Heap after GC invocations=4 (full 1):
 PSYoungGen      total 2048K, used 0K [0x0000000740600000, 0x0000000740a00000, 0x00000007c0000000)
  eden space 1536K, 0% used [0x0000000740600000,0x0000000740600000,0x0000000740780000)
  from space 512K, 0% used [0x0000000740780000,0x0000000740780000,0x0000000740800000)
  to   space 512K, 0% used [0x0000000740980000,0x0000000740980000,0x0000000740a00000)
 ParOldGen       total 5632K, used 890K [0x0000000641200000, 0x0000000641780000, 0x0000000740600000)
  object space 5632K, 15% used [0x0000000641200000,0x00000006412deaf8,0x0000000641780000)
 Metaspace       used 6075K, capacity 6194K, committed 6400K, reserved 1056768K
  class space    used 711K, capacity 763K, committed 768K, reserved 1048576K
}
Event: 1475.067 GC heap before
{Heap before GC invocations=5 (full 1):
 PSYoungGen      total 2048K, used 1536K [0x0000000740600000, 0x0000000740a00000, 0x00000007c0000000)
  eden space 1536K, 100% used [0x0000000740600000,0x0000000740780000,0x0000000740780000)
  from space 512K, 0% used [0x0000000740780000,0x0000000740780000,0x0000000740800000)
  to   space 512K, 0% used [0x0000000740980000,0x0000000740980000,0x0000000740a00000)
 ParOldGen       total 5632K, used 890K [0x0000000641200000, 0x0000000641780000, 0x0000000740600000)
  object space 5632K, 15% used [0x0000000641200000,0x00000006412deaf8,0x0000000641780000)
 Metaspace       used 6314K, capacity 6448K, committed 6784K, reserved 1056768K
  class space    used 749K, capacity 800K, committed 896K, reserved 1048576K
Event: 1475.075 GC heap after
Heap after GC invocations=5 (full 1):
 PSYoungGen      total 3584K, used 416K [0x0000000740600000, 0x0000000740a00000, 0x00000007c0000000)
  eden space 3072K, 0% used [0x0000000740600000,0x0000000740600000,0x0000000740900000)
  from space 512K, 81% used [0x0000000740980000,0x00000007409e8000,0x0000000740a00000)
  to   space 512K, 0% used [0x0000000740900000,0x0000000740900000,0x0000000740980000)
 ParOldGen       total 5632K, used 890K [0x0000000641200000, 0x0000000641780000, 0x0000000740600000)
  object space 5632K, 15% used [0x0000000641200000,0x00000006412deaf8,0x0000000641780000)
 Metaspace       used 6314K, capacity 6448K, committed 6784K, reserved 1056768K
  class space    used 749K, capacity 800K, committed 896K, reserved 1048576K
}
Event: 1587.557 GC heap before
{Heap before GC invocations=6 (full 1):
 PSYoungGen      total 3584K, used 3486K [0x0000000740600000, 0x0000000740a00000, 0x00000007c0000000)
  eden space 3072K, 99% used [0x0000000740600000,0x00000007408ff9f0,0x0000000740900000)
  from space 512K, 81% used [0x0000000740980000,0x00000007409e8000,0x0000000740a00000)
  to   space 512K, 0% used [0x0000000740900000,0x0000000740900000,0x0000000740980000)
 ParOldGen       total 5632K, used 890K [0x0000000641200000, 0x0000000641780000, 0x0000000740600000)
  object space 5632K, 15% used [0x0000000641200000,0x00000006412deaf8,0x0000000641780000)
 Metaspace       used 6479K, capacity 6648K, committed 6784K, reserved 1056768K
  class space    used 749K, capacity 800K, committed 896K, reserved 1048576K
Event: 1587.566 GC heap after
Heap after GC invocations=6 (full 1):
 PSYoungGen      total 3584K, used 512K [0x0000000740600000, 0x0000000740d00000, 0x00000007c0000000)
  eden space 3072K, 0% used [0x0000000740600000,0x0000000740600000,0x0000000740900000)
  from space 512K, 100% used [0x0000000740900000,0x0000000740980000,0x0000000740980000)
  to   space 512K, 0% used [0x0000000740c80000,0x0000000740c80000,0x0000000740d00000)
 ParOldGen       total 5632K, used 1355K [0x0000000641200000, 0x0000000641780000, 0x0000000740600000)
  object space 5632K, 24% used [0x0000000641200000,0x0000000641352d28,0x0000000641780000)
 Metaspace       used 6479K, capacity 6648K, committed 6784K, reserved 1056768K
  class space    used 749K, capacity 800K, committed 896K, reserved 1048576K
}
Event: 1628.233 GC heap before
{Heap before GC invocations=7 (full 1):
 PSYoungGen      total 3584K, used 3583K [0x0000000740600000, 0x0000000740d00000, 0x00000007c0000000)
  eden space 3072K, 99% used [0x0000000740600000,0x00000007408ffcd0,0x0000000740900000)
  from space 512K, 100% used [0x0000000740900000,0x0000000740980000,0x0000000740980000)
  to   space 512K, 0% used [0x0000000740c80000,0x0000000740c80000,0x0000000740d00000)
 ParOldGen       total 5632K, used 1355K [0x0000000641200000, 0x0000000641780000, 0x0000000740600000)
  object space 5632K, 24% used [0x0000000641200000,0x0000000641352d28,0x0000000641780000)
 Metaspace       used 6571K, capacity 6712K, committed 7040K, reserved 1056768K
  class space    used 749K, capacity 800K, committed 896K, reserved 1048576K
Event: 1628.281 GC heap after
Heap after GC invocations=7 (full 1):
 PSYoungGen      total 5632K, used 256K [0x0000000740600000, 0x0000000740f00000, 0x00000007c0000000)
  eden space 5120K, 0% used [0x0000000740600000,0x0000000740600000,0x0000000740b00000)
  from space 512K, 50% used [0x0000000740c80000,0x0000000740cc0000,0x0000000740d00000)
  to   space 1536K, 0% used [0x0000000740b00000,0x0000000740b00000,0x0000000740c80000)
 ParOldGen       total 5632K, used 1355K [0x0000000641200000, 0x0000000641780000, 0x0000000740600000)
  object space 5632K, 24% used [0x0000000641200000,0x0000000641352d28,0x0000000641780000)
 Metaspace       used 6571K, capacity 6712K, committed 7040K, reserved 1056768K
  class space    used 749K, capacity 800K, committed 896K, reserved 1048576K
}

